<?xml version="1.0" encoding="UTF-8"?>
<!-- Generated by org.testng.reporters.JUnitReportReporter -->
<testsuite hostname="nicsi" name="com.MG.testcases.testPostingSmoke" tests="1" failures="0" timestamp="26 Sep 2015 10:15:27 GMT" time="12.805" errors="0">
  <testcase name="tcposting02" time="12.805" classname="com.MG.testcases.testPostingSmoke"/>
</testsuite> <!-- com.MG.testcases.testPostingSmoke -->
